生成启动时间为 2020/3/25 17:38:53。
     1>项目“C:\code\function-1\function-1\function-1.vcxproj”在节点 2 上(Build 个目标)。
     1>ClCompile:
         C:\Program Files (x86)\Microsoft Visual Studio 12.0\VC\bin\CL.exe /c /ZI /nologo /W3 /WX- /sdl /Od /Oy- /D _MBCS /Gm /EHsc /RTC1 /MDd /GS /fp:precise /Zc:wchar_t /Zc:forScope /Fo"Debug\\" /Fd"Debug\vc120.pdb" /Gd /TC /analyze- /errorReport:prompt add.c sub.c test.c
         test.c
     1>c:\code\function-1\function-1\test.c(252): warning C4013: “Add”未定义；假设外部返回 int
         sub.c
         add.c
         正在生成代码...
         C:\Program Files (x86)\Microsoft Visual Studio 12.0\VC\bin\CL.exe /c /ZI /nologo /W3 /WX- /sdl /Od /Oy- /D _MBCS /Gm /EHsc /RTC1 /MDd /GS /fp:precise /Zc:wchar_t /Zc:forScope /Fo"Debug\\" /Fd"Debug\vc120.pdb" /Gd /TP /analyze- /errorReport:prompt sub.h
         sub.h
       Link:
         C:\Program Files (x86)\Microsoft Visual Studio 12.0\VC\bin\link.exe /ERRORREPORT:PROMPT /OUT:"C:\code\function-1\Debug\function-1.exe" /INCREMENTAL /NOLOGO kernel32.lib user32.lib gdi32.lib winspool.lib comdlg32.lib advapi32.lib shell32.lib ole32.lib oleaut32.lib uuid.lib odbc32.lib odbccp32.lib /MANIFEST /MANIFESTUAC:"level='asInvoker' uiAccess='false'" /manifest:embed /DEBUG /PDB:"C:\code\function-1\Debug\function-1.pdb" /SUBSYSTEM:CONSOLE /TLBID:1 /DYNAMICBASE /NXCOMPAT /IMPLIB:"C:\code\function-1\Debug\function-1.lib" /MACHINE:X86 Debug\add.obj
         Debug\sub.obj
         Debug\sub.obj
         Debug\test.obj
     1>Debug\sub.obj : warning LNK4042: 对象被多次指定；已忽略多余的指定
         function-1.vcxproj -> C:\code\function-1\Debug\function-1.exe
     1>已完成生成项目“C:\code\function-1\function-1\function-1.vcxproj”(Build 个目标)的操作。

生成成功。

已用时间 00:00:00.79
